<?xml version="1.0" encoding="UTF-8"?>
<testng-results skipped="0" failed="0" ignored="0" total="1" passed="1">
  <reporter-output>
  </reporter-output>
  <suite name="Surefire suite" duration-ms="11651" started-at="2019-12-18T08:18:16Z" finished-at="2019-12-18T08:18:28Z">
    <groups>
    </groups>
    <test name="Surefire test" duration-ms="11651" started-at="2019-12-18T08:18:16Z" finished-at="2019-12-18T08:18:28Z">
      <class name="JenkinsJob2.BrowserAutomation">
        <test-method status="PASS" signature="BrowserAutomationTest()[pri:0, instance:JenkinsJob2.BrowserAutomation@dfd3711]" name="BrowserAutomationTest" duration-ms="11624" started-at="2019-12-18T08:18:16Z" finished-at="2019-12-18T08:18:28Z">
          <reporter-output>
          </reporter-output>
        </test-method> <!-- BrowserAutomationTest -->
      </class> <!-- JenkinsJob2.BrowserAutomation -->
    </test> <!-- Surefire test -->
  </suite> <!-- Surefire suite -->
</testng-results>
