<?xml version="1.0" encoding="UTF-8"?>
<testng-results skipped="0" failed="0" ignored="0" total="1" passed="1">
  <reporter-output>
  </reporter-output>
  <suite name="Default suite" duration-ms="8921" started-at="2019-12-18T08:26:29Z" finished-at="2019-12-18T08:26:38Z">
    <groups>
    </groups>
    <test name="Default test" duration-ms="8921" started-at="2019-12-18T08:26:29Z" finished-at="2019-12-18T08:26:38Z">
      <class name="JenkinsJob2.TestingMaven">
        <test-method status="PASS" signature="BrowserAutomation1()[pri:0, instance:JenkinsJob2.TestingMaven@d8355a8]" name="BrowserAutomation1" duration-ms="8872" started-at="2019-12-18T08:26:29Z" finished-at="2019-12-18T08:26:38Z">
          <reporter-output>
          </reporter-output>
        </test-method> <!-- BrowserAutomation1 -->
      </class> <!-- JenkinsJob2.TestingMaven -->
    </test> <!-- Default test -->
  </suite> <!-- Default suite -->
</testng-results>
